<?xml version="1.0" encoding="UTF-8"?>
<!-- Generated by org.testng.reporters.JUnitXMLReporter -->
<testsuite hostname="shubhams-MacBook-Pro.local" ignored="2" name="GRP-functional" tests="4" failures="0" timestamp="06 Jan 2023 15:57:55 GMT" time="0.029" errors="0">
  <testcase name="functionalTest1" time="0.008" classname="com.shubham.TestingMaven.TestNGGroupsTest2"/>
  <testcase name="functionalTest2" time="0.0" classname="com.shubham.TestingMaven.TestNGGroupsTest2"/>
  <testcase name="regressionAndFunctionalTest1" time="0.001" classname="com.shubham.TestingMaven.TestNGGroupsTest2"/>
  <testcase name="sanity_RegressionAndFunctionalTest" time="0.001" classname="com.shubham.TestingMaven.TestNGGroupsTest2"/>
  <testcase name="sanityTest1" time="0.0" classname="com.shubham.TestingMaven.TestNGGroupsTest2">
    <ignored/>
  </testcase> <!-- sanityTest1 -->
  <testcase name="sanityTest2" time="0.0" classname="com.shubham.TestingMaven.TestNGGroupsTest2">
    <ignored/>
  </testcase> <!-- sanityTest2 -->
</testsuite> <!-- GRP-functional -->
