<?xml version="1.0" encoding="UTF-8"?>
<!-- Generated by org.testng.reporters.JUnitXMLReporter -->
<testsuite hostname="shubhams-MacBook-Pro.local" ignored="2" name="GRP-regression,sanity" tests="14" failures="0" timestamp="10 Jan 2023 08:42:02 GMT" time="0.055" errors="0">
  <testcase name="regressionTest1" time="0.009" classname="com.shubham.TestingMaven.BeforeClassAndBeforeGroups"/>
  <testcase name="regressionTest2" time="0.001" classname="com.shubham.TestingMaven.BeforeClassAndBeforeGroups"/>
  <testcase name="sanityAndRegressionTest" time="0.001" classname="com.shubham.TestingMaven.BeforeClassAndBeforeGroups"/>
  <testcase name="sanityTest1" time="0.0" classname="com.shubham.TestingMaven.BeforeClassAndBeforeGroups"/>
  <testcase name="sanityTest2" time="0.001" classname="com.shubham.TestingMaven.BeforeClassAndBeforeGroups"/>
  <testcase name="regressionTest1" time="0.0" classname="com.shubham.TestingMaven.TestNGGroupsTest1"/>
  <testcase name="regressionTest2" time="0.0" classname="com.shubham.TestingMaven.TestNGGroupsTest1"/>
  <testcase name="sanityAndRegressionTest" time="0.001" classname="com.shubham.TestingMaven.TestNGGroupsTest1"/>
  <testcase name="sanityTest1" time="0.001" classname="com.shubham.TestingMaven.TestNGGroupsTest1"/>
  <testcase name="sanityTest2" time="0.001" classname="com.shubham.TestingMaven.TestNGGroupsTest1"/>
  <testcase name="regressionAndFunctionalTest1" time="0.0" classname="com.shubham.TestingMaven.TestNGGroupsTest2"/>
  <testcase name="sanityTest1" time="0.001" classname="com.shubham.TestingMaven.TestNGGroupsTest2"/>
  <testcase name="sanityTest2" time="0.0" classname="com.shubham.TestingMaven.TestNGGroupsTest2"/>
  <testcase name="sanity_RegressionAndFunctionalTest" time="0.0" classname="com.shubham.TestingMaven.TestNGGroupsTest2"/>
  <testcase name="functionalTest1" time="0.0" classname="com.shubham.TestingMaven.TestNGGroupsTest2">
    <ignored/>
  </testcase> <!-- functionalTest1 -->
  <testcase name="functionalTest2" time="0.0" classname="com.shubham.TestingMaven.TestNGGroupsTest2">
    <ignored/>
  </testcase> <!-- functionalTest2 -->
</testsuite> <!-- GRP-regression,sanity -->
