<?xml version="1.0" encoding="UTF-8"?>
<!-- Generated by org.testng.reporters.JUnitXMLReporter -->
<testsuite hostname="shubhams-MacBook-Pro.local" ignored="7" name="GRP-sanity" tests="9" failures="0" timestamp="10 Jan 2023 08:43:11 GMT" time="0.043" errors="0">
  <testcase name="sanityAndRegressionTest" time="0.008" classname="com.shubham.TestingMaven.BeforeClassAndBeforeGroups"/>
  <testcase name="sanityTest1" time="0.001" classname="com.shubham.TestingMaven.BeforeClassAndBeforeGroups"/>
  <testcase name="sanityTest2" time="0.0" classname="com.shubham.TestingMaven.BeforeClassAndBeforeGroups"/>
  <testcase name="sanityAndRegressionTest" time="0.001" classname="com.shubham.TestingMaven.TestNGGroupsTest1"/>
  <testcase name="sanityTest1" time="0.001" classname="com.shubham.TestingMaven.TestNGGroupsTest1"/>
  <testcase name="sanityTest2" time="0.001" classname="com.shubham.TestingMaven.TestNGGroupsTest1"/>
  <testcase name="sanityTest1" time="0.0" classname="com.shubham.TestingMaven.TestNGGroupsTest2"/>
  <testcase name="sanityTest2" time="0.001" classname="com.shubham.TestingMaven.TestNGGroupsTest2"/>
  <testcase name="sanity_RegressionAndFunctionalTest" time="0.001" classname="com.shubham.TestingMaven.TestNGGroupsTest2"/>
  <testcase name="regressionTest1" time="0.0" classname="com.shubham.TestingMaven.TestNGGroupsTest1">
    <ignored/>
  </testcase> <!-- regressionTest1 -->
  <testcase name="regressionTest2" time="0.0" classname="com.shubham.TestingMaven.TestNGGroupsTest1">
    <ignored/>
  </testcase> <!-- regressionTest2 -->
  <testcase name="regressionTest2" time="0.0" classname="com.shubham.TestingMaven.BeforeClassAndBeforeGroups">
    <ignored/>
  </testcase> <!-- regressionTest2 -->
  <testcase name="regressionAndFunctionalTest1" time="0.0" classname="com.shubham.TestingMaven.TestNGGroupsTest2">
    <ignored/>
  </testcase> <!-- regressionAndFunctionalTest1 -->
  <testcase name="regressionTest1" time="0.0" classname="com.shubham.TestingMaven.BeforeClassAndBeforeGroups">
    <ignored/>
  </testcase> <!-- regressionTest1 -->
  <testcase name="functionalTest1" time="0.0" classname="com.shubham.TestingMaven.TestNGGroupsTest2">
    <ignored/>
  </testcase> <!-- functionalTest1 -->
  <testcase name="functionalTest2" time="0.0" classname="com.shubham.TestingMaven.TestNGGroupsTest2">
    <ignored/>
  </testcase> <!-- functionalTest2 -->
</testsuite> <!-- GRP-sanity -->
