<?xml version="1.0" encoding="UTF-8"?>
<!-- Generated by org.testng.reporters.JUnitXMLReporter -->
<testsuite hostname="shubhams-MacBook-Pro.local" ignored="8" name="GRP-regression" tests="8" failures="0" timestamp="10 Jan 2023 08:44:49 GMT" time="0.044" errors="0">
  <testcase name="regressionTest1" time="0.004" classname="com.shubham.TestingMaven.BeforeClassAndBeforeGroups"/>
  <testcase name="regressionTest2" time="0.001" classname="com.shubham.TestingMaven.BeforeClassAndBeforeGroups"/>
  <testcase name="sanityAndRegressionTest" time="0.001" classname="com.shubham.TestingMaven.BeforeClassAndBeforeGroups"/>
  <testcase name="regressionTest1" time="0.001" classname="com.shubham.TestingMaven.TestNGGroupsTest1"/>
  <testcase name="regressionTest2" time="0.0" classname="com.shubham.TestingMaven.TestNGGroupsTest1"/>
  <testcase name="sanityAndRegressionTest" time="0.0" classname="com.shubham.TestingMaven.TestNGGroupsTest1"/>
  <testcase name="regressionAndFunctionalTest1" time="0.001" classname="com.shubham.TestingMaven.TestNGGroupsTest2"/>
  <testcase name="sanity_RegressionAndFunctionalTest" time="0.001" classname="com.shubham.TestingMaven.TestNGGroupsTest2"/>
  <testcase name="sanityTest2" time="0.0" classname="com.shubham.TestingMaven.TestNGGroupsTest1">
    <ignored/>
  </testcase> <!-- sanityTest2 -->
  <testcase name="sanityTest1" time="0.0" classname="com.shubham.TestingMaven.TestNGGroupsTest2">
    <ignored/>
  </testcase> <!-- sanityTest1 -->
  <testcase name="sanityTest2" time="0.0" classname="com.shubham.TestingMaven.TestNGGroupsTest2">
    <ignored/>
  </testcase> <!-- sanityTest2 -->
  <testcase name="sanityTest1" time="0.0" classname="com.shubham.TestingMaven.BeforeClassAndBeforeGroups">
    <ignored/>
  </testcase> <!-- sanityTest1 -->
  <testcase name="sanityTest2" time="0.0" classname="com.shubham.TestingMaven.BeforeClassAndBeforeGroups">
    <ignored/>
  </testcase> <!-- sanityTest2 -->
  <testcase name="functionalTest1" time="0.0" classname="com.shubham.TestingMaven.TestNGGroupsTest2">
    <ignored/>
  </testcase> <!-- functionalTest1 -->
  <testcase name="sanityTest1" time="0.0" classname="com.shubham.TestingMaven.TestNGGroupsTest1">
    <ignored/>
  </testcase> <!-- sanityTest1 -->
  <testcase name="functionalTest2" time="0.0" classname="com.shubham.TestingMaven.TestNGGroupsTest2">
    <ignored/>
  </testcase> <!-- functionalTest2 -->
</testsuite> <!-- GRP-regression -->
