<?xml version="1.0" encoding="UTF-8"?>
<!-- Generated by org.testng.reporters.JUnitXMLReporter -->
<testsuite hostname="shubhams-MacBook-Pro.local" ignored="0" name="Test" tests="6" failures="0" timestamp="10 Jan 2023 09:03:48 GMT" time="0.011" errors="0">
  <testcase name="functionalTest" time="0.0" classname="com.shubham.TestingMaven.BeforeClassAndBeforeGroups"/>
  <testcase name="regressionTest1" time="0.001" classname="com.shubham.TestingMaven.BeforeClassAndBeforeGroups"/>
  <testcase name="regressionTest2" time="0.001" classname="com.shubham.TestingMaven.BeforeClassAndBeforeGroups"/>
  <testcase name="sanityAndRegressionTest" time="0.001" classname="com.shubham.TestingMaven.BeforeClassAndBeforeGroups"/>
  <testcase name="sanityTest1" time="0.0" classname="com.shubham.TestingMaven.BeforeClassAndBeforeGroups"/>
  <testcase name="sanityTest2" time="0.001" classname="com.shubham.TestingMaven.BeforeClassAndBeforeGroups"/>
</testsuite> <!-- Test -->
